[debug] [2025-09-08T07:45:24.019Z] ----------------------------------------------------------------------
[debug] [2025-09-08T07:45:24.021Z] Command:       C:\Program Files\nodejs\node.exe C:\Users\tkpar\AppData\Roaming\npm\node_modules\firebase-tools\lib\bin\firebase.js deploy --only functions
[debug] [2025-09-08T07:45:24.021Z] CLI Version:   13.2.0
[debug] [2025-09-08T07:45:24.021Z] Platform:      win32
[debug] [2025-09-08T07:45:24.021Z] Node Version:  v22.19.0
[debug] [2025-09-08T07:45:24.021Z] Time:          Mon Sep 08 2025 16:45:24 GMT+0900 (대한민국 표준시)
[debug] [2025-09-08T07:45:24.022Z] ----------------------------------------------------------------------
[debug] 
[debug] [2025-09-08T07:45:24.068Z] > command requires scopes: ["email","openid","https://www.googleapis.com/auth/cloudplatformprojects.readonly","https://www.googleapis.com/auth/firebase","https://www.googleapis.com/auth/cloud-platform"]
[debug] [2025-09-08T07:45:24.068Z] > authorizing via signed-in user (tkpark0504@gmail.com)
[debug] [2025-09-08T07:45:24.068Z] [iam] checking project tkp-bio for permissions ["cloudfunctions.functions.create","cloudfunctions.functions.delete","cloudfunctions.functions.get","cloudfunctions.functions.list","cloudfunctions.functions.update","cloudfunctions.operations.get","firebase.projects.get"]
[debug] [2025-09-08T07:45:24.070Z] >>> [apiv2][query] POST https://cloudresourcemanager.googleapis.com/v1/projects/tkp-bio:testIamPermissions [none]
[debug] [2025-09-08T07:45:24.070Z] >>> [apiv2][(partial)header] POST https://cloudresourcemanager.googleapis.com/v1/projects/tkp-bio:testIamPermissions x-goog-quota-user=projects/tkp-bio
[debug] [2025-09-08T07:45:24.070Z] >>> [apiv2][body] POST https://cloudresourcemanager.googleapis.com/v1/projects/tkp-bio:testIamPermissions {"permissions":["cloudfunctions.functions.create","cloudfunctions.functions.delete","cloudfunctions.functions.get","cloudfunctions.functions.list","cloudfunctions.functions.update","cloudfunctions.operations.get","firebase.projects.get"]}
[debug] [2025-09-08T07:45:24.362Z] <<< [apiv2][status] POST https://cloudresourcemanager.googleapis.com/v1/projects/tkp-bio:testIamPermissions 200
[debug] [2025-09-08T07:45:24.362Z] <<< [apiv2][body] POST https://cloudresourcemanager.googleapis.com/v1/projects/tkp-bio:testIamPermissions {"permissions":["cloudfunctions.functions.create","cloudfunctions.functions.delete","cloudfunctions.functions.get","cloudfunctions.functions.list","cloudfunctions.functions.update","cloudfunctions.operations.get","firebase.projects.get"]}
[debug] [2025-09-08T07:45:24.362Z] >>> [apiv2][query] POST https://iam.googleapis.com/v1/projects/tkp-bio/serviceAccounts/tkp-bio@appspot.gserviceaccount.com:testIamPermissions [none]
[debug] [2025-09-08T07:45:24.362Z] >>> [apiv2][body] POST https://iam.googleapis.com/v1/projects/tkp-bio/serviceAccounts/tkp-bio@appspot.gserviceaccount.com:testIamPermissions {"permissions":["iam.serviceAccounts.actAs"]}
[debug] [2025-09-08T07:45:25.416Z] <<< [apiv2][status] POST https://iam.googleapis.com/v1/projects/tkp-bio/serviceAccounts/tkp-bio@appspot.gserviceaccount.com:testIamPermissions 200
[debug] [2025-09-08T07:45:25.416Z] <<< [apiv2][body] POST https://iam.googleapis.com/v1/projects/tkp-bio/serviceAccounts/tkp-bio@appspot.gserviceaccount.com:testIamPermissions {"permissions":["iam.serviceAccounts.actAs"]}
[info] 
[info] === Deploying to 'tkp-bio'...
[info] 
[info] i  deploying functions 
[info] Running command: npm --prefix "$RESOURCE_DIR" run lint
[info] +  functions: Finished running predeploy script. 
[debug] [2025-09-08T07:45:28.243Z] >>> [apiv2][query] GET https://firebase.googleapis.com/v1beta1/projects/tkp-bio [none]
[debug] [2025-09-08T07:45:28.767Z] <<< [apiv2][status] GET https://firebase.googleapis.com/v1beta1/projects/tkp-bio 200
[debug] [2025-09-08T07:45:28.767Z] <<< [apiv2][body] GET https://firebase.googleapis.com/v1beta1/projects/tkp-bio {"projectId":"tkp-bio","projectNumber":"1089143970051","displayName":"tkp-bio","name":"projects/tkp-bio","resources":{"hostingSite":"tkp-bio"},"state":"ACTIVE","etag":"1_1ec307f1-4b95-4f9c-b8c1-eeb8b68aedee"}
[info] i  functions: preparing codebase default for deployment 
[info] i  functions: ensuring required API cloudfunctions.googleapis.com is enabled... 
[info] i  functions: ensuring required API cloudbuild.googleapis.com is enabled... 
[info] i  artifactregistry: ensuring required API artifactregistry.googleapis.com is enabled... 
[debug] [2025-09-08T07:45:28.769Z] >>> [apiv2][query] GET https://serviceusage.googleapis.com/v1/projects/tkp-bio/services/cloudfunctions.googleapis.com [none]
[debug] [2025-09-08T07:45:28.769Z] >>> [apiv2][(partial)header] GET https://serviceusage.googleapis.com/v1/projects/tkp-bio/services/cloudfunctions.googleapis.com x-goog-quota-user=projects/tkp-bio
[debug] [2025-09-08T07:45:28.770Z] >>> [apiv2][query] GET https://serviceusage.googleapis.com/v1/projects/tkp-bio/services/runtimeconfig.googleapis.com [none]
[debug] [2025-09-08T07:45:28.770Z] >>> [apiv2][(partial)header] GET https://serviceusage.googleapis.com/v1/projects/tkp-bio/services/runtimeconfig.googleapis.com x-goog-quota-user=projects/tkp-bio
[debug] [2025-09-08T07:45:28.770Z] >>> [apiv2][query] GET https://serviceusage.googleapis.com/v1/projects/tkp-bio/services/cloudbuild.googleapis.com [none]
[debug] [2025-09-08T07:45:28.770Z] >>> [apiv2][(partial)header] GET https://serviceusage.googleapis.com/v1/projects/tkp-bio/services/cloudbuild.googleapis.com x-goog-quota-user=projects/tkp-bio
[debug] [2025-09-08T07:45:28.771Z] >>> [apiv2][query] GET https://serviceusage.googleapis.com/v1/projects/tkp-bio/services/artifactregistry.googleapis.com [none]
[debug] [2025-09-08T07:45:28.771Z] >>> [apiv2][(partial)header] GET https://serviceusage.googleapis.com/v1/projects/tkp-bio/services/artifactregistry.googleapis.com x-goog-quota-user=projects/tkp-bio
[debug] [2025-09-08T07:45:29.351Z] <<< [apiv2][status] GET https://serviceusage.googleapis.com/v1/projects/tkp-bio/services/cloudfunctions.googleapis.com 200
[debug] [2025-09-08T07:45:29.351Z] <<< [apiv2][body] GET https://serviceusage.googleapis.com/v1/projects/tkp-bio/services/cloudfunctions.googleapis.com [omitted]
[info] +  functions: required API cloudfunctions.googleapis.com is enabled 
[debug] [2025-09-08T07:45:30.106Z] <<< [apiv2][status] GET https://serviceusage.googleapis.com/v1/projects/tkp-bio/services/runtimeconfig.googleapis.com 200
[debug] [2025-09-08T07:45:30.106Z] <<< [apiv2][body] GET https://serviceusage.googleapis.com/v1/projects/tkp-bio/services/runtimeconfig.googleapis.com [omitted]
[debug] [2025-09-08T07:45:30.114Z] <<< [apiv2][status] GET https://serviceusage.googleapis.com/v1/projects/tkp-bio/services/cloudbuild.googleapis.com 200
[debug] [2025-09-08T07:45:30.114Z] <<< [apiv2][body] GET https://serviceusage.googleapis.com/v1/projects/tkp-bio/services/cloudbuild.googleapis.com [omitted]
[info] +  functions: required API cloudbuild.googleapis.com is enabled 
[debug] [2025-09-08T07:45:30.120Z] <<< [apiv2][status] GET https://serviceusage.googleapis.com/v1/projects/tkp-bio/services/artifactregistry.googleapis.com 200
[debug] [2025-09-08T07:45:30.120Z] <<< [apiv2][body] GET https://serviceusage.googleapis.com/v1/projects/tkp-bio/services/artifactregistry.googleapis.com [omitted]
[info] +  artifactregistry: required API artifactregistry.googleapis.com is enabled 
[debug] [2025-09-08T07:45:30.121Z] >>> [apiv2][query] GET https://firebase.googleapis.com/v1beta1/projects/tkp-bio/adminSdkConfig [none]
[debug] [2025-09-08T07:45:30.794Z] <<< [apiv2][status] GET https://firebase.googleapis.com/v1beta1/projects/tkp-bio/adminSdkConfig 200
[debug] [2025-09-08T07:45:30.795Z] <<< [apiv2][body] GET https://firebase.googleapis.com/v1beta1/projects/tkp-bio/adminSdkConfig {"projectId":"tkp-bio","storageBucket":"tkp-bio.firebasestorage.app"}
[debug] [2025-09-08T07:45:30.795Z] >>> [apiv2][query] GET https://runtimeconfig.googleapis.com/v1beta1/projects/tkp-bio/configs [none]
[debug] [2025-09-08T07:45:31.841Z] <<< [apiv2][status] GET https://runtimeconfig.googleapis.com/v1beta1/projects/tkp-bio/configs 200
[debug] [2025-09-08T07:45:31.841Z] <<< [apiv2][body] GET https://runtimeconfig.googleapis.com/v1beta1/projects/tkp-bio/configs {"configs":[{"name":"projects/tkp-bio/configs/reprocess"},{"name":"projects/tkp-bio/configs/slack"}]}
[debug] [2025-09-08T07:45:31.841Z] >>> [apiv2][query] GET https://runtimeconfig.googleapis.com/v1beta1/projects/tkp-bio/configs/reprocess/variables [none]
[debug] [2025-09-08T07:45:31.841Z] >>> [apiv2][query] GET https://runtimeconfig.googleapis.com/v1beta1/projects/tkp-bio/configs/slack/variables [none]
[debug] [2025-09-08T07:45:32.743Z] <<< [apiv2][status] GET https://runtimeconfig.googleapis.com/v1beta1/projects/tkp-bio/configs/reprocess/variables 200
[debug] [2025-09-08T07:45:32.743Z] <<< [apiv2][body] GET https://runtimeconfig.googleapis.com/v1beta1/projects/tkp-bio/configs/reprocess/variables {"variables":[{"name":"projects/tkp-bio/configs/reprocess/variables/secret","updateTime":"2025-09-08T03:37:01.871626244Z"}]}
[debug] [2025-09-08T07:45:32.743Z] >>> [apiv2][query] GET https://runtimeconfig.googleapis.com/v1beta1/projects/tkp-bio/configs/reprocess/variables/secret [none]
[debug] [2025-09-08T07:45:32.828Z] <<< [apiv2][status] GET https://runtimeconfig.googleapis.com/v1beta1/projects/tkp-bio/configs/slack/variables 200
[debug] [2025-09-08T07:45:32.828Z] <<< [apiv2][body] GET https://runtimeconfig.googleapis.com/v1beta1/projects/tkp-bio/configs/slack/variables {"variables":[{"name":"projects/tkp-bio/configs/slack/variables/bot_token","updateTime":"2025-09-08T03:22:08.602155199Z"},{"name":"projects/tkp-bio/configs/slack/variables/webhook_url","updateTime":"2025-09-08T03:36:32.798999567Z"}]}
[debug] [2025-09-08T07:45:32.828Z] >>> [apiv2][query] GET https://runtimeconfig.googleapis.com/v1beta1/projects/tkp-bio/configs/slack/variables/bot_token [none]
[debug] [2025-09-08T07:45:32.829Z] >>> [apiv2][query] GET https://runtimeconfig.googleapis.com/v1beta1/projects/tkp-bio/configs/slack/variables/webhook_url [none]
[debug] [2025-09-08T07:45:33.616Z] <<< [apiv2][status] GET https://runtimeconfig.googleapis.com/v1beta1/projects/tkp-bio/configs/reprocess/variables/secret 200
[debug] [2025-09-08T07:45:33.616Z] <<< [apiv2][body] GET https://runtimeconfig.googleapis.com/v1beta1/projects/tkp-bio/configs/reprocess/variables/secret {"name":"projects/tkp-bio/configs/reprocess/variables/secret","updateTime":"2025-09-08T03:37:01.871626244Z","text":"aVeryStrongSecretKeyForReprocessing123"}
[debug] [2025-09-08T07:45:33.703Z] <<< [apiv2][status] GET https://runtimeconfig.googleapis.com/v1beta1/projects/tkp-bio/configs/slack/variables/bot_token 200
[debug] [2025-09-08T07:45:33.704Z] <<< [apiv2][body] GET https://runtimeconfig.googleapis.com/v1beta1/projects/tkp-bio/configs/slack/variables/bot_token {"name":"projects/tkp-bio/configs/slack/variables/bot_token","updateTime":"2025-09-08T03:22:08.602155199Z","text":"xoxb-9487937778113-9474568265334-BppLA7lfDzQ7GZ9K4rIOlMfM"}
[debug] [2025-09-08T07:45:33.787Z] <<< [apiv2][status] GET https://runtimeconfig.googleapis.com/v1beta1/projects/tkp-bio/configs/slack/variables/webhook_url 200
[debug] [2025-09-08T07:45:33.787Z] <<< [apiv2][body] GET https://runtimeconfig.googleapis.com/v1beta1/projects/tkp-bio/configs/slack/variables/webhook_url {"name":"projects/tkp-bio/configs/slack/variables/webhook_url","updateTime":"2025-09-08T03:36:32.798999567Z","text":"https://hooks.slack.com/services/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"}
[debug] [2025-09-08T07:45:33.788Z] Validating nodejs source
[warn] !  functions: package.json indicates an outdated version of firebase-functions. Please upgrade using npm install --save firebase-functions@latest in your functions directory. 
[warn] !  functions: Please note that there will be breaking changes when you upgrade. 
[debug] [2025-09-08T07:45:34.417Z] > [functions] package.json contents: {
  "name": "functions",
  "description": "Cloud Functions for Firebase",
  "scripts": {
    "lint": "eslint .",
    "serve": "firebase emulators:start --only functions",
    "shell": "firebase functions:shell",
    "start": "npm run shell",
    "deploy": "firebase deploy --only functions",
    "logs": "firebase functions:log"
  },
  "engines": {
    "node": "18"
  },
  "main": "index.js",
  "dependencies": {
    "ffmpeg-static": "^5.2.0",
    "firebase-admin": "^11.8.0",
    "firebase-functions": "^4.3.1",
    "fluent-ffmpeg": "^2.1.3",
    "node-fetch": "^2.7.0",
    "sharp": "^0.34.3"
  },
  "devDependencies": {
    "eslint": "^8.15.0",
    "eslint-config-google": "^0.14.0",
    "firebase-functions-test": "^3.1.0"
  },
  "private": true
}
[debug] [2025-09-08T07:45:34.417Z] Building nodejs source
[info] i  functions: Loading and analyzing source code for codebase default to determine what to deploy 
[debug] [2025-09-08T07:45:34.418Z] Could not find functions.yaml. Must use http discovery
[debug] [2025-09-08T07:45:34.424Z] Found firebase-functions binary at 'C:\Users\tkpar\Documents\GitHub\tkp.bio\functions\node_modules\.bin\firebase-functions'
[info] Serving at port 8510

[debug] [2025-09-08T07:45:35.046Z] Got response from /__/functions.yaml {"endpoints":{"processPostQueue":{"platform":"gcfv1","availableMemoryMb":1024,"timeoutSeconds":300,"minInstances":null,"maxInstances":null,"ingressSettings":null,"serviceAccountEmail":null,"vpc":null,"region":["asia-northeast3"],"eventTrigger":{"eventType":"providers/cloud.firestore/eventTypes/document.create","eventFilters":{"resource":"projects/tkp-bio/databases/(default)/documents/post_queue/{docId}"},"retry":false},"labels":{},"entryPoint":"processPostQueue"},"reprocessFailedPost":{"platform":"gcfv1","availableMemoryMb":1024,"timeoutSeconds":300,"minInstances":null,"maxInstances":null,"ingressSettings":null,"serviceAccountEmail":null,"vpc":null,"region":["asia-northeast3"],"httpsTrigger":{},"entryPoint":"reprocessFailedPost"},"processDeleteQueue":{"platform":"gcfv1","availableMemoryMb":1024,"timeoutSeconds":300,"minInstances":null,"maxInstances":null,"ingressSettings":null,"serviceAccountEmail":null,"vpc":null,"region":["asia-northeast3"],"eventTrigger":{"eventType":"providers/cloud.firestore/eventTypes/document.create","eventFilters":{"resource":"projects/tkp-bio/databases/(default)/documents/delete_queue/{docId}"},"retry":false},"labels":{},"entryPoint":"processDeleteQueue"}},"specVersion":"v1alpha1","requiredAPIs":[]}
[info] i  functions: preparing functions directory for uploading... 
[info] i  functions: packaged C:\Users\tkpar\Documents\GitHub\tkp.bio\functions (92.02 KB) for uploading 
[debug] [2025-09-08T07:45:39.112Z] >>> [apiv2][query] GET https://cloudfunctions.googleapis.com/v1/projects/tkp-bio/locations/-/functions [none]
[debug] [2025-09-08T07:45:39.969Z] <<< [apiv2][status] GET https://cloudfunctions.googleapis.com/v1/projects/tkp-bio/locations/-/functions 200
[debug] [2025-09-08T07:45:39.969Z] <<< [apiv2][body] GET https://cloudfunctions.googleapis.com/v1/projects/tkp-bio/locations/-/functions {"functions":[{"name":"projects/tkp-bio/locations/asia-northeast3/functions/processDeleteQueue","eventTrigger":{"eventType":"providers/cloud.firestore/eventTypes/document.create","resource":"projects/tkp-bio/databases/(default)/documents/delete_queue/{docId}","service":"firestore.googleapis.com","failurePolicy":{}},"status":"ACTIVE","entryPoint":"processDeleteQueue","timeout":"300s","availableMemoryMb":1024,"serviceAccountEmail":"tkp-bio@appspot.gserviceaccount.com","updateTime":"2025-09-08T05:38:15.075328831Z","versionId":"1","labels":{"firebase-functions-hash":"72faa517c09164069d9f830f5e235f12318f617f","deployment-tool":"cli-firebase"},"sourceUploadUrl":"https://storage.googleapis.com/uploads-410360324834.asia-northeast3.cloudfunctions.appspot.com/09be4d0f-8310-49c7-a813-f6ac9b150a47.zip","environmentVariables":{"FIREBASE_CONFIG":"{\"projectId\":\"tkp-bio\",\"storageBucket\":\"tkp-bio.firebasestorage.app\"}","GCLOUD_PROJECT":"tkp-bio","EVENTARC_CLOUD_EVENT_SOURCE":"projects/tkp-bio/locations/asia-northeast3/functions/processDeleteQueue"},"runtime":"nodejs18","maxInstances":3000,"ingressSettings":"ALLOW_ALL","buildId":"3b47bdc6-eabf-4c23-b7d2-079b89f0e653","buildEnvironmentVariables":{"GOOGLE_NODE_RUN_SCRIPTS":""},"buildName":"projects/1089143970051/locations/asia-northeast3/builds/3b47bdc6-eabf-4c23-b7d2-079b89f0e653","dockerRegistry":"ARTIFACT_REGISTRY","automaticUpdatePolicy":{},"buildServiceAccount":"projects/tkp-bio/serviceAccounts/1089143970051-compute@developer.gserviceaccount.com","satisfiesPzs":true,"satisfiesPzi":true},{"name":"projects/tkp-bio/locations/asia-northeast3/functions/processPostQueue","eventTrigger":{"eventType":"providers/cloud.firestore/eventTypes/document.create","resource":"projects/tkp-bio/databases/(default)/documents/post_queue/{docId}","service":"firestore.googleapis.com","failurePolicy":{}},"status":"ACTIVE","entryPoint":"processPostQueue","timeout":"300s","availableMemoryMb":1024,"serviceAccountEmail":"tkp-bio@appspot.gserviceaccount.com","updateTime":"2025-09-08T05:38:14.626Z","versionId":"5","labels":{"deployment-tool":"cli-firebase","firebase-functions-hash":"72faa517c09164069d9f830f5e235f12318f617f"},"sourceUploadUrl":"https://storage.googleapis.com/uploads-410360324834.asia-northeast3.cloudfunctions.appspot.com/09be4d0f-8310-49c7-a813-f6ac9b150a47.zip","environmentVariables":{"FIREBASE_CONFIG":"{\"projectId\":\"tkp-bio\",\"storageBucket\":\"tkp-bio.firebasestorage.app\"}","GCLOUD_PROJECT":"tkp-bio","EVENTARC_CLOUD_EVENT_SOURCE":"projects/tkp-bio/locations/asia-northeast3/functions/processPostQueue"},"runtime":"nodejs18","maxInstances":3000,"ingressSettings":"ALLOW_ALL","buildId":"3b47bdc6-eabf-4c23-b7d2-079b89f0e653","buildEnvironmentVariables":{"GOOGLE_NODE_RUN_SCRIPTS":""},"buildName":"projects/1089143970051/locations/asia-northeast3/builds/3b47bdc6-eabf-4c23-b7d2-079b89f0e653","dockerRegistry":"ARTIFACT_REGISTRY","automaticUpdatePolicy":{},"buildServiceAccount":"projects/tkp-bio/serviceAccounts/1089143970051-compute@developer.gserviceaccount.com","satisfiesPzs":true,"satisfiesPzi":true},{"name":"projects/tkp-bio/locations/asia-northeast3/functions/reprocessFailedPost","httpsTrigger":{"url":"https://asia-northeast3-tkp-bio.cloudfunctions.net/reprocessFailedPost","securityLevel":"SECURE_ALWAYS"},"status":"ACTIVE","entryPoint":"reprocessFailedPost","timeout":"300s","availableMemoryMb":1024,"serviceAccountEmail":"tkp-bio@appspot.gserviceaccount.com","updateTime":"2025-09-08T05:38:14.373Z","versionId":"5","labels":{"firebase-functions-hash":"72faa517c09164069d9f830f5e235f12318f617f","deployment-tool":"cli-firebase"},"sourceUploadUrl":"https://storage.googleapis.com/uploads-410360324834.asia-northeast3.cloudfunctions.appspot.com/09be4d0f-8310-49c7-a813-f6ac9b150a47.zip","environmentVariables":{"FIREBASE_CONFIG":"{\"projectId\":\"tkp-bio\",\"storageBucket\":\"tkp-bio.firebasestorage.app\"}","GCLOUD_PROJECT":"tkp-bio","EVENTARC_CLOUD_EVENT_SOURCE":"projects/tkp-bio/locations/asia-northeast3/functions/reprocessFailedPost"},"runtime":"nodejs18","ingressSettings":"ALLOW_ALL","buildId":"3b47bdc6-eabf-4c23-b7d2-079b89f0e653","buildEnvironmentVariables":{"GOOGLE_NODE_RUN_SCRIPTS":""},"buildName":"projects/1089143970051/locations/asia-northeast3/builds/3b47bdc6-eabf-4c23-b7d2-079b89f0e653","dockerRegistry":"ARTIFACT_REGISTRY","automaticUpdatePolicy":{},"buildServiceAccount":"projects/tkp-bio/serviceAccounts/1089143970051-compute@developer.gserviceaccount.com","satisfiesPzs":true,"satisfiesPzi":true}]}
[debug] [2025-09-08T07:45:39.970Z] >>> [apiv2][query] GET https://cloudfunctions.googleapis.com/v2/projects/tkp-bio/locations/-/functions filter=environment%3D%22GEN_2%22
[debug] [2025-09-08T07:45:41.315Z] <<< [apiv2][status] GET https://cloudfunctions.googleapis.com/v2/projects/tkp-bio/locations/-/functions 200
[debug] [2025-09-08T07:45:41.315Z] <<< [apiv2][body] GET https://cloudfunctions.googleapis.com/v2/projects/tkp-bio/locations/-/functions {}
[debug] [2025-09-08T07:45:41.317Z] >>> [apiv2][query] GET https://firebase.googleapis.com/v1beta1/projects/tkp-bio [none]
[debug] [2025-09-08T07:45:41.799Z] <<< [apiv2][status] GET https://firebase.googleapis.com/v1beta1/projects/tkp-bio 200
[debug] [2025-09-08T07:45:41.799Z] <<< [apiv2][body] GET https://firebase.googleapis.com/v1beta1/projects/tkp-bio {"projectId":"tkp-bio","projectNumber":"1089143970051","displayName":"tkp-bio","name":"projects/tkp-bio","resources":{"hostingSite":"tkp-bio"},"state":"ACTIVE","etag":"1_1ec307f1-4b95-4f9c-b8c1-eeb8b68aedee"}
[debug] [2025-09-08T07:45:41.800Z] >>> [apiv2][query] POST https://cloudfunctions.googleapis.com/v1/projects/tkp-bio/locations/asia-northeast3/functions:generateUploadUrl [none]
[debug] [2025-09-08T07:45:41.800Z] >>> [apiv2][body] POST https://cloudfunctions.googleapis.com/v1/projects/tkp-bio/locations/asia-northeast3/functions:generateUploadUrl {}
[debug] [2025-09-08T07:45:43.241Z] <<< [apiv2][status] POST https://cloudfunctions.googleapis.com/v1/projects/tkp-bio/locations/asia-northeast3/functions:generateUploadUrl 200
[debug] [2025-09-08T07:45:43.241Z] <<< [apiv2][body] POST https://cloudfunctions.googleapis.com/v1/projects/tkp-bio/locations/asia-northeast3/functions:generateUploadUrl {"uploadUrl":"https://storage.googleapis.com/uploads-410360324834.asia-northeast3.cloudfunctions.appspot.com/f1ee810d-967d-44b0-939a-456a8489f8b9.zip?GoogleAccessId=service-1089143970051@gcf-admin-robot.iam.gserviceaccount.com&Expires=1757319341&Signature=EZ8fADKLwycsIQ%2FcAGI%2BxUZuLpJi5NkNb6c1khkH7tbTJTsUPDfB%2FMIo%2FdOODla%2B0RJkOoDbGaIueJwfIGBeNF%2BjVVxotMABhbyPWiXA1a4LHFqKI3Jrtd5uiNjTrdxu5Fml%2B7Q5Ixwki8WzlYEBo92QTTqDrC42DdoIBOvGRE0hK2U2DUQlWQuTZeMVJZyQgeXlvFalN%2BZ5yqeuPOIynZvbYt4D1mO0CrI0WrmEDSpgVM%2F%2BFb867xUV7WS78uzt9k5b89rU0P8UeBnmKzmu7FHAzWQbPhnNcdIDKmdqQZeCaWgjIUCK6hUjko%2FYziqi3K7On8ToKaMNZzTDw0PJOw%3D%3D"}
[debug] [2025-09-08T07:45:43.243Z] >>> [apiv2][query] PUT https://storage.googleapis.com/uploads-410360324834.asia-northeast3.cloudfunctions.appspot.com/f1ee810d-967d-44b0-939a-456a8489f8b9.zip GoogleAccessId=service-1089143970051%40gcf-admin-robot.iam.gserviceaccount.com&Expires=1757319341&Signature=EZ8fADKLwycsIQ%2FcAGI%2BxUZuLpJi5NkNb6c1khkH7tbTJTsUPDfB%2FMIo%2FdOODla%2B0RJkOoDbGaIueJwfIGBeNF%2BjVVxotMABhbyPWiXA1a4LHFqKI3Jrtd5uiNjTrdxu5Fml%2B7Q5Ixwki8WzlYEBo92QTTqDrC42DdoIBOvGRE0hK2U2DUQlWQuTZeMVJZyQgeXlvFalN%2BZ5yqeuPOIynZvbYt4D1mO0CrI0WrmEDSpgVM%2F%2BFb867xUV7WS78uzt9k5b89rU0P8UeBnmKzmu7FHAzWQbPhnNcdIDKmdqQZeCaWgjIUCK6hUjko%2FYziqi3K7On8ToKaMNZzTDw0PJOw%3D%3D
[debug] [2025-09-08T07:45:43.243Z] >>> [apiv2][body] PUT https://storage.googleapis.com/uploads-410360324834.asia-northeast3.cloudfunctions.appspot.com/f1ee810d-967d-44b0-939a-456a8489f8b9.zip [stream]
[debug] [2025-09-08T07:45:43.378Z] <<< [apiv2][status] PUT https://storage.googleapis.com/uploads-410360324834.asia-northeast3.cloudfunctions.appspot.com/f1ee810d-967d-44b0-939a-456a8489f8b9.zip 200
[debug] [2025-09-08T07:45:43.378Z] <<< [apiv2][body] PUT https://storage.googleapis.com/uploads-410360324834.asia-northeast3.cloudfunctions.appspot.com/f1ee810d-967d-44b0-939a-456a8489f8b9.zip [omitted]
[info] +  functions: functions folder uploaded successfully 
[info] i  functions: updating Node.js 18 (1st Gen) function processPostQueue(asia-northeast3)... 
[info] i  functions: updating Node.js 18 (1st Gen) function reprocessFailedPost(asia-northeast3)... 
[info] i  functions: updating Node.js 18 (1st Gen) function processDeleteQueue(asia-northeast3)... 
[debug] [2025-09-08T07:45:43.382Z] >>> [apiv2][query] PATCH https://cloudfunctions.googleapis.com/v1/projects/tkp-bio/locations/asia-northeast3/functions/processPostQueue updateMask=name%2CsourceUploadUrl%2CentryPoint%2Cruntime%2CdockerRegistry%2Clabels%2CeventTrigger.eventType%2CeventTrigger.resource%2CeventTrigger.failurePolicy%2CminInstances%2CmaxInstances%2CingressSettings%2CenvironmentVariables%2CserviceAccountEmail%2CavailableMemoryMb%2Ctimeout%2CvpcConnector%2CvpcConnectorEgressSettings%2CsourceToken%2CbuildEnvironmentVariables
[debug] [2025-09-08T07:45:43.382Z] >>> [apiv2][body] PATCH https://cloudfunctions.googleapis.com/v1/projects/tkp-bio/locations/asia-northeast3/functions/processPostQueue {"name":"projects/tkp-bio/locations/asia-northeast3/functions/processPostQueue","sourceUploadUrl":"https://storage.googleapis.com/uploads-410360324834.asia-northeast3.cloudfunctions.appspot.com/f1ee810d-967d-44b0-939a-456a8489f8b9.zip?GoogleAccessId=service-1089143970051@gcf-admin-robot.iam.gserviceaccount.com&Expires=1757319341&Signature=EZ8fADKLwycsIQ%2FcAGI%2BxUZuLpJi5NkNb6c1khkH7tbTJTsUPDfB%2FMIo%2FdOODla%2B0RJkOoDbGaIueJwfIGBeNF%2BjVVxotMABhbyPWiXA1a4LHFqKI3Jrtd5uiNjTrdxu5Fml%2B7Q5Ixwki8WzlYEBo92QTTqDrC42DdoIBOvGRE0hK2U2DUQlWQuTZeMVJZyQgeXlvFalN%2BZ5yqeuPOIynZvbYt4D1mO0CrI0WrmEDSpgVM%2F%2BFb867xUV7WS78uzt9k5b89rU0P8UeBnmKzmu7FHAzWQbPhnNcdIDKmdqQZeCaWgjIUCK6hUjko%2FYziqi3K7On8ToKaMNZzTDw0PJOw%3D%3D","entryPoint":"processPostQueue","runtime":"nodejs18","dockerRegistry":"ARTIFACT_REGISTRY","labels":{"deployment-tool":"cli-firebase","firebase-functions-hash":"9134607717f5cc328ba2094b554b92c3537bc722"},"eventTrigger":{"eventType":"providers/cloud.firestore/eventTypes/document.create","resource":"projects/tkp-bio/databases/(default)/documents/post_queue/{docId}"},"minInstances":null,"maxInstances":null,"ingressSettings":null,"environmentVariables":{"FIREBASE_CONFIG":"{\"projectId\":\"tkp-bio\",\"storageBucket\":\"tkp-bio.firebasestorage.app\"}","GCLOUD_PROJECT":"tkp-bio","EVENTARC_CLOUD_EVENT_SOURCE":"projects/tkp-bio/locations/asia-northeast3/functions/processPostQueue"},"serviceAccountEmail":null,"availableMemoryMb":1024,"timeout":"300s","vpcConnector":null,"vpcConnectorEgressSettings":null,"buildEnvironmentVariables":{"GOOGLE_NODE_RUN_SCRIPTS":""}}
[debug] [2025-09-08T07:45:44.294Z] <<< [apiv2][status] PATCH https://cloudfunctions.googleapis.com/v1/projects/tkp-bio/locations/asia-northeast3/functions/processPostQueue 200
[debug] [2025-09-08T07:45:44.295Z] <<< [apiv2][body] PATCH https://cloudfunctions.googleapis.com/v1/projects/tkp-bio/locations/asia-northeast3/functions/processPostQueue {"name":"operations/dGtwLWJpby9hc2lhLW5vcnRoZWFzdDMvcHJvY2Vzc1Bvc3RRdWV1ZS9vYk1xWVc4TWRwbw","metadata":{"@type":"type.googleapis.com/google.cloud.functions.v1.OperationMetadataV1","target":"projects/tkp-bio/locations/asia-northeast3/functions/processPostQueue","type":"UPDATE_FUNCTION","request":{"@type":"type.googleapis.com/google.cloud.functions.v1.CloudFunction","name":"projects/tkp-bio/locations/asia-northeast3/functions/processPostQueue","eventTrigger":{"eventType":"providers/cloud.firestore/eventTypes/document.create","resource":"projects/tkp-bio/databases/(default)/documents/post_queue/{docId}","service":"firestore.googleapis.com"},"status":"ACTIVE","entryPoint":"processPostQueue","timeout":"300s","availableMemoryMb":1024,"updateTime":"2025-09-08T05:38:14.626Z","versionId":"5","labels":{"deployment-tool":"cli-firebase","firebase-functions-hash":"9134607717f5cc328ba2094b554b92c3537bc722"},"sourceUploadUrl":"https://storage.googleapis.com/uploads-410360324834.asia-northeast3.cloudfunctions.appspot.com/f1ee810d-967d-44b0-939a-456a8489f8b9.zip?GoogleAccessId=service-1089143970051@gcf-admin-robot.iam.gserviceaccount.com&Expires=1757319341&Signature=EZ8fADKLwycsIQ%2FcAGI%2BxUZuLpJi5NkNb6c1khkH7tbTJTsUPDfB%2FMIo%2FdOODla%2B0RJkOoDbGaIueJwfIGBeNF%2BjVVxotMABhbyPWiXA1a4LHFqKI3Jrtd5uiNjTrdxu5Fml%2B7Q5Ixwki8WzlYEBo92QTTqDrC42DdoIBOvGRE0hK2U2DUQlWQuTZeMVJZyQgeXlvFalN%2BZ5yqeuPOIynZvbYt4D1mO0CrI0WrmEDSpgVM%2F%2BFb867xUV7WS78uzt9k5b89rU0P8UeBnmKzmu7FHAzWQbPhnNcdIDKmdqQZeCaWgjIUCK6hUjko%2FYziqi3K7On8ToKaMNZzTDw0PJOw%3D%3D","environmentVariables":{"FIREBASE_CONFIG":"{\"projectId\":\"tkp-bio\",\"storageBucket\":\"tkp-bio.firebasestorage.app\"}","GCLOUD_PROJECT":"tkp-bio","EVENTARC_CLOUD_EVENT_SOURCE":"projects/tkp-bio/locations/asia-northeast3/functions/processPostQueue"},"runtime":"nodejs18","buildId":"3b47bdc6-eabf-4c23-b7d2-079b89f0e653","buildEnvironmentVariables":{"GOOGLE_NODE_RUN_SCRIPTS":""},"buildName":"projects/1089143970051/locations/asia-northeast3/builds/3b47bdc6-eabf-4c23-b7d2-079b89f0e653","dockerRegistry":"ARTIFACT_REGISTRY","automaticUpdatePolicy":{},"buildServiceAccount":"projects/tkp-bio/serviceAccounts/1089143970051-compute@developer.gserviceaccount.com"},"versionId":"6","updateTime":"2025-09-08T07:45:42Z"}}
[debug] [2025-09-08T07:45:44.295Z] >>> [apiv2][query] GET https://cloudfunctions.googleapis.com/v1/operations/dGtwLWJpby9hc2lhLW5vcnRoZWFzdDMvcHJvY2Vzc1Bvc3RRdWV1ZS9vYk1xWVc4TWRwbw [none]
[debug] [2025-09-08T07:45:44.666Z] <<< [apiv2][status] GET https://cloudfunctions.googleapis.com/v1/operations/dGtwLWJpby9hc2lhLW5vcnRoZWFzdDMvcHJvY2Vzc1Bvc3RRdWV1ZS9vYk1xWVc4TWRwbw 200
[debug] [2025-09-08T07:45:44.666Z] <<< [apiv2][body] GET https://cloudfunctions.googleapis.com/v1/operations/dGtwLWJpby9hc2lhLW5vcnRoZWFzdDMvcHJvY2Vzc1Bvc3RRdWV1ZS9vYk1xWVc4TWRwbw {"name":"operations/dGtwLWJpby9hc2lhLW5vcnRoZWFzdDMvcHJvY2Vzc1Bvc3RRdWV1ZS9vYk1xWVc4TWRwbw","metadata":{"@type":"type.googleapis.com/google.cloud.functions.v1.OperationMetadataV1","target":"projects/tkp-bio/locations/asia-northeast3/functions/processPostQueue","type":"UPDATE_FUNCTION","request":{"@type":"type.googleapis.com/google.cloud.functions.v1.CloudFunction","name":"projects/tkp-bio/locations/asia-northeast3/functions/processPostQueue","eventTrigger":{"eventType":"providers/cloud.firestore/eventTypes/document.create","resource":"projects/tkp-bio/databases/(default)/documents/post_queue/{docId}","service":"firestore.googleapis.com"},"status":"ACTIVE","entryPoint":"processPostQueue","timeout":"300s","availableMemoryMb":1024,"updateTime":"2025-09-08T05:38:14.626Z","versionId":"5","labels":{"deployment-tool":"cli-firebase","firebase-functions-hash":"9134607717f5cc328ba2094b554b92c3537bc722"},"sourceUploadUrl":"https://storage.googleapis.com/uploads-410360324834.asia-northeast3.cloudfunctions.appspot.com/f1ee810d-967d-44b0-939a-456a8489f8b9.zip?GoogleAccessId=service-1089143970051@gcf-admin-robot.iam.gserviceaccount.com&Expires=1757319341&Signature=EZ8fADKLwycsIQ%2FcAGI%2BxUZuLpJi5NkNb6c1khkH7tbTJTsUPDfB%2FMIo%2FdOODla%2B0RJkOoDbGaIueJwfIGBeNF%2BjVVxotMABhbyPWiXA1a4LHFqKI3Jrtd5uiNjTrdxu5Fml%2B7Q5Ixwki8WzlYEBo92QTTqDrC42DdoIBOvGRE0hK2U2DUQlWQuTZeMVJZyQgeXlvFalN%2BZ5yqeuPOIynZvbYt4D1mO0CrI0WrmEDSpgVM%2F%2BFb867xUV7WS78uzt9k5b89rU0P8UeBnmKzmu7FHAzWQbPhnNcdIDKmdqQZeCaWgjIUCK6hUjko%2FYziqi3K7On8ToKaMNZzTDw0PJOw%3D%3D","environmentVariables":{"FIREBASE_CONFIG":"{\"projectId\":\"tkp-bio\",\"storageBucket\":\"tkp-bio.firebasestorage.app\"}","GCLOUD_PROJECT":"tkp-bio","EVENTARC_CLOUD_EVENT_SOURCE":"projects/tkp-bio/locations/asia-northeast3/functions/processPostQueue"},"runtime":"nodejs18","buildId":"3b47bdc6-eabf-4c23-b7d2-079b89f0e653","buildEnvironmentVariables":{"GOOGLE_NODE_RUN_SCRIPTS":""},"buildName":"projects/1089143970051/locations/asia-northeast3/builds/3b47bdc6-eabf-4c23-b7d2-079b89f0e653","dockerRegistry":"ARTIFACT_REGISTRY","automaticUpdatePolicy":{},"buildServiceAccount":"projects/tkp-bio/serviceAccounts/1089143970051-compute@developer.gserviceaccount.com"},"versionId":"6","updateTime":"2025-09-08T07:45:42Z"}}
[debug] [2025-09-08T07:45:45.172Z] [update-default-asia-northeast3-processPostQueue] Retrying task index 0
[debug] [2025-09-08T07:45:45.173Z] >>> [apiv2][query] GET https://cloudfunctions.googleapis.com/v1/operations/dGtwLWJpby9hc2lhLW5vcnRoZWFzdDMvcHJvY2Vzc1Bvc3RRdWV1ZS9vYk1xWVc4TWRwbw [none]
[debug] [2025-09-08T07:45:45.494Z] <<< [apiv2][status] GET https://cloudfunctions.googleapis.com/v1/operations/dGtwLWJpby9hc2lhLW5vcnRoZWFzdDMvcHJvY2Vzc1Bvc3RRdWV1ZS9vYk1xWVc4TWRwbw 200
[debug] [2025-09-08T07:45:45.494Z] <<< [apiv2][body] GET https://cloudfunctions.googleapis.com/v1/operations/dGtwLWJpby9hc2lhLW5vcnRoZWFzdDMvcHJvY2Vzc1Bvc3RRdWV1ZS9vYk1xWVc4TWRwbw {"name":"operations/dGtwLWJpby9hc2lhLW5vcnRoZWFzdDMvcHJvY2Vzc1Bvc3RRdWV1ZS9vYk1xWVc4TWRwbw","metadata":{"@type":"type.googleapis.com/google.cloud.functions.v1.OperationMetadataV1","target":"projects/tkp-bio/locations/asia-northeast3/functions/processPostQueue","type":"UPDATE_FUNCTION","request":{"@type":"type.googleapis.com/google.cloud.functions.v1.CloudFunction","name":"projects/tkp-bio/locations/asia-northeast3/functions/processPostQueue","eventTrigger":{"eventType":"providers/cloud.firestore/eventTypes/document.create","resource":"projects/tkp-bio/databases/(default)/documents/post_queue/{docId}","service":"firestore.googleapis.com"},"status":"ACTIVE","entryPoint":"processPostQueue","timeout":"300s","availableMemoryMb":1024,"updateTime":"2025-09-08T05:38:14.626Z","versionId":"5","labels":{"deployment-tool":"cli-firebase","firebase-functions-hash":"9134607717f5cc328ba2094b554b92c3537bc722"},"sourceUploadUrl":"https://storage.googleapis.com/uploads-410360324834.asia-northeast3.cloudfunctions.appspot.com/f1ee810d-967d-44b0-939a-456a8489f8b9.zip?GoogleAccessId=service-1089143970051@gcf-admin-robot.iam.gserviceaccount.com&Expires=1757319341&Signature=EZ8fADKLwycsIQ%2FcAGI%2BxUZuLpJi5NkNb6c1khkH7tbTJTsUPDfB%2FMIo%2FdOODla%2B0RJkOoDbGaIueJwfIGBeNF%2BjVVxotMABhbyPWiXA1a4LHFqKI3Jrtd5uiNjTrdxu5Fml%2B7Q5Ixwki8WzlYEBo92QTTqDrC42DdoIBOvGRE0hK2U2DUQlWQuTZeMVJZyQgeXlvFalN%2BZ5yqeuPOIynZvbYt4D1mO0CrI0WrmEDSpgVM%2F%2BFb867xUV7WS78uzt9k5b89rU0P8UeBnmKzmu7FHAzWQbPhnNcdIDKmdqQZeCaWgjIUCK6hUjko%2FYziqi3K7On8ToKaMNZzTDw0PJOw%3D%3D","environmentVariables":{"FIREBASE_CONFIG":"{\"projectId\":\"tkp-bio\",\"storageBucket\":\"tkp-bio.firebasestorage.app\"}","GCLOUD_PROJECT":"tkp-bio","EVENTARC_CLOUD_EVENT_SOURCE":"projects/tkp-bio/locations/asia-northeast3/functions/processPostQueue"},"runtime":"nodejs18","buildId":"3b47bdc6-eabf-4c23-b7d2-079b89f0e653","buildEnvironmentVariables":{"GOOGLE_NODE_RUN_SCRIPTS":""},"buildName":"projects/1089143970051/locations/asia-northeast3/builds/3b47bdc6-eabf-4c23-b7d2-079b89f0e653","dockerRegistry":"ARTIFACT_REGISTRY","automaticUpdatePolicy":{},"buildServiceAccount":"projects/tkp-bio/serviceAccounts/1089143970051-compute@developer.gserviceaccount.com"},"versionId":"6","updateTime":"2025-09-08T07:45:43Z"}}
